<?xml version="1.0" encoding="UTF-8"?>
<testsuite xmlns:xsi="http://www.w3.org/2001/XMLSchema-instance" xsi:noNamespaceSchemaLocation="https://maven.apache.org/surefire/maven-surefire-plugin/xsd/surefire-test-report.xsd" name="com.laki.AppTest" time="0.03" tests="1" errors="0" skipped="0" failures="0">
  <properties>
    <property name="sun.desktop" value="windows"/>
    <property name="awt.toolkit" value="sun.awt.windows.WToolkit"/>
    <property name="file.encoding.pkg" value="sun.io"/>
    <property name="java.specification.version" value="1.8"/>
    <property name="sun.cpu.isalist" value="amd64"/>
    <property name="sun.jnu.encoding" value="GBK"/>
    <property name="java.class.path" value="D:\ideaprofession\yeb\yeb-server\target\test-classes;D:\ideaprofession\yeb\yeb-server\target\classes;D:\Users\Laki\.m2\repository\junit\junit\4.11\junit-4.11.jar;D:\Users\Laki\.m2\repository\org\hamcrest\hamcrest-core\1.3\hamcrest-core-1.3.jar;"/>
    <property name="java.vm.vendor" value="Oracle Corporation"/>
    <property name="sun.arch.data.model" value="64"/>
    <property name="user.variant" value=""/>
    <property name="java.vendor.url" value="http://java.oracle.com/"/>
    <property name="user.timezone" value="Asia/Shanghai"/>
    <property name="java.vm.specification.version" value="1.8"/>
    <property name="os.name" value="Windows 10"/>
    <property name="user.country" value="CN"/>
    <property name="sun.java.launcher" value="SUN_STANDARD"/>
    <property name="sun.boot.library.path" value="D:\Java_Material\JDK\jdk1.8.0_281\jre\bin"/>
    <property name="sun.java.command" value="C:\Users\Laki\AppData\Local\Temp\surefire675068234011517096\surefirebooter1991081664487478687.jar C:\Users\Laki\AppData\Local\Temp\surefire675068234011517096 2022-07-07T15-35-09_717-jvmRun1 surefire1789455740533087185tmp surefire_08562765401793995924tmp"/>
    <property name="surefire.test.class.path" value="D:\ideaprofession\yeb\yeb-server\target\test-classes;D:\ideaprofession\yeb\yeb-server\target\classes;D:\Users\Laki\.m2\repository\junit\junit\4.11\junit-4.11.jar;D:\Users\Laki\.m2\repository\org\hamcrest\hamcrest-core\1.3\hamcrest-core-1.3.jar;"/>
    <property name="sun.cpu.endian" value="little"/>
    <property name="user.home" value="C:\Users\Laki"/>
    <property name="user.language" value="zh"/>
    <property name="java.specification.vendor" value="Oracle Corporation"/>
    <property name="java.home" value="D:\Java_Material\JDK\jdk1.8.0_281\jre"/>
    <property name="basedir" value="D:\ideaprofession\yeb\yeb-server"/>
    <property name="file.separator" value="\"/>
    <property name="line.separator" value="&#10;"/>
    <property name="java.vm.specification.vendor" value="Oracle Corporation"/>
    <property name="java.specification.name" value="Java Platform API Specification"/>
    <property name="java.awt.graphicsenv" value="sun.awt.Win32GraphicsEnvironment"/>
    <property name="surefire.real.class.path" value="C:\Users\Laki\AppData\Local\Temp\surefire675068234011517096\surefirebooter1991081664487478687.jar"/>
    <property name="sun.boot.class.path" value="D:\Java_Material\JDK\jdk1.8.0_281\jre\lib\resources.jar;D:\Java_Material\JDK\jdk1.8.0_281\jre\lib\rt.jar;D:\Java_Material\JDK\jdk1.8.0_281\jre\lib\sunrsasign.jar;D:\Java_Material\JDK\jdk1.8.0_281\jre\lib\jsse.jar;D:\Java_Material\JDK\jdk1.8.0_281\jre\lib\jce.jar;D:\Java_Material\JDK\jdk1.8.0_281\jre\lib\charsets.jar;D:\Java_Material\JDK\jdk1.8.0_281\jre\lib\jfr.jar;D:\Java_Material\JDK\jdk1.8.0_281\jre\classes"/>
    <property name="user.script" value=""/>
    <property name="sun.management.compiler" value="HotSpot 64-Bit Tiered Compilers"/>
    <property name="java.runtime.version" value="1.8.0_281-b09"/>
    <property name="user.name" value="Laki"/>
    <property name="path.separator" value=";"/>
    <property name="os.version" value="10.0"/>
    <property name="java.endorsed.dirs" value="D:\Java_Material\JDK\jdk1.8.0_281\jre\lib\endorsed"/>
    <property name="java.runtime.name" value="Java(TM) SE Runtime Environment"/>
    <property name="file.encoding" value="GBK"/>
    <property name="java.vm.name" value="Java HotSpot(TM) 64-Bit Server VM"/>
    <property name="localRepository" value="D:\Users\Laki\.m2\repository"/>
    <property name="java.vendor.url.bug" value="http://bugreport.sun.com/bugreport/"/>
    <property name="java.io.tmpdir" value="C:\Users\Laki\AppData\Local\Temp\"/>
    <property name="idea.version" value="2021.2.3"/>
    <property name="java.version" value="1.8.0_281"/>
    <property name="user.dir" value="D:\ideaprofession\yeb\yeb-server"/>
    <property name="os.arch" value="amd64"/>
    <property name="java.vm.specification.name" value="Java Virtual Machine Specification"/>
    <property name="java.awt.printerjob" value="sun.awt.windows.WPrinterJob"/>
    <property name="sun.os.patch.level" value=""/>
    <property name="java.library.path" value="D:\Java_Material\JDK\jdk1.8.0_281\jre\bin;C:\Windows\Sun\Java\bin;C:\Windows\system32;C:\Windows;C:\Windows\system32;C:\Windows;C:\Windows\System32\Wbem;C:\Windows\System32\WindowsPowerShell\v1.0\;C:\Windows\System32\OpenSSH\;C:\Program Files (x86)\NVIDIA Corporation\PhysX\Common;C:\Program Files\MySQL\MySQL Server 5.7\bin;D:\Program Files\MySQL\MySQL Server 8.0\bin;D:\winHadoop\hadoop\bin;D:\winHadoop\hadoop\sbin;D:\scala\scala-2.11.8\bin;C:\ProgramData\chocolatey\bin;D:\nodejs\;D:\nodejs\node_global;D:\Java_Material\JDK\jdk1.8.0_281\bin;D:\Git\cmd;D:\BaiduNetdiskDownload\ideaIU_2021.2.3_Portable\ideaIU_2021.2.3_Portable\plugins\maven\lib\maven3\bin;D:\BaiduNetdiskDownload\ideaIU_2021.2.3_Portable\ideaIU_2021.2.3_Portable\bin;C:\Users\Laki\AppData\Local\Programs\Python\Python37\Scripts\;C:\Users\Laki\AppData\Local\Programs\Python\Python37\;C:\Users\Laki\AppData\Local\Microsoft\WindowsApps;D:\888\PyCharm Community Edition 2020.3.2\bin;;D:\IntelliJ IDEA\idea2021\bin;;D:\Java_Material\IntelliJ IDEA 2022.1.2\bin;;D:\package\Microsoft VS Code\bin;C:\Users\Laki\AppData\Roaming\npm;;."/>
    <property name="java.vm.info" value="mixed mode"/>
    <property name="java.vendor" value="Oracle Corporation"/>
    <property name="java.vm.version" value="25.281-b09"/>
    <property name="java.ext.dirs" value="D:\Java_Material\JDK\jdk1.8.0_281\jre\lib\ext;C:\Windows\Sun\Java\lib\ext"/>
    <property name="sun.io.unicode.encoding" value="UnicodeLittle"/>
    <property name="maven.repo.local" value="D:\Users\Laki\.m2\repository"/>
    <property name="java.class.version" value="52.0"/>
  </properties>
  <testcase name="shouldAnswerWithTrue" classname="com.laki.AppTest" time="0.002"/>
</testsuite>